<?xml version="1.0" encoding="UTF-8"?>
<!-- Generated by org.testng.reporters.JUnitReportReporter -->
<testsuite hostname="Neelshika" failures="0" tests="2" name="testRunner.RunTest" time="208.360" errors="0" timestamp="22 Aug 2022 18:41:46 GMT" skipped="0">
  <testcase classname="testRunner.RunTest" name="runScenario" time="117.508"/>
  <testcase classname="testRunner.RunTest" name="runScenario" time="90.852"/>
</testsuite> <!-- testRunner.RunTest -->
